<?xml version="1.0" encoding="UTF-8"?>
<!-- Generated by org.testng.reporters.JUnitXMLReporter -->
<testsuite ignored="0" hostname="GPant" failures="0" tests="5" name="Surefire test" time="21.577" errors="0" timestamp="2026-07-28T16:25:12 IST">
  <testcase classname="com.automation.tests.AddToCartTest" name="checkoutTest" time="7.579"/>
  <testcase classname="com.automation.tests.LoginTest" name="verifyLogin" time="0.292"/>
  <testcase classname="com.automation.tests.LoginTest" name="verifyLogin" time="0.411"/>
  <testcase classname="com.automation.tests.LoginTest" name="verifyLogin" time="0.393"/>
  <testcase classname="com.automation.tests.TestNGDemo" name="test1" time="0.001"/>
</testsuite> <!-- Surefire test -->
