<?xml version="1.0" encoding="UTF-8"?>
<testng-results ignored="0" total="5" passed="5" failed="0" skipped="0">
  <reporter-output>
  </reporter-output>
  <suite started-at="2026-07-28T16:24:50 IST" name="Surefire suite" finished-at="2026-07-28T16:25:12 IST" duration-ms="21577">
    <groups>
    </groups>
    <test started-at="2026-07-28T16:24:50 IST" name="Surefire test" finished-at="2026-07-28T16:25:12 IST" duration-ms="21577">
      <class name="com.automation.tests.TestNGDemo">
        <test-method signature="test1()[pri:0, instance:com.automation.tests.TestNGDemo@3f197a46]" started-at="2026-07-28T16:25:12 IST" name="test1" finished-at="2026-07-28T16:25:12 IST" duration-ms="1" status="PASS">
          <reporter-output>
          </reporter-output>
        </test-method> <!-- test1 -->
      </class> <!-- com.automation.tests.TestNGDemo -->
      <class name="com.automation.tests.AddToCartTest">
        <test-method is-config="true" signature="setup()[pri:0, instance:com.automation.tests.AddToCartTest@7a69b07]" started-at="2026-07-28T16:24:50 IST" name="setup" finished-at="2026-07-28T16:24:54 IST" duration-ms="3432" status="PASS">
          <reporter-output>
          </reporter-output>
        </test-method> <!-- setup -->
        <test-method signature="checkoutTest()[pri:0, instance:com.automation.tests.AddToCartTest@7a69b07]" started-at="2026-07-28T16:24:54 IST" name="checkoutTest" finished-at="2026-07-28T16:25:01 IST" duration-ms="7579" status="PASS">
          <reporter-output>
          </reporter-output>
        </test-method> <!-- checkoutTest -->
        <test-method is-config="true" signature="tearDown(org.testng.ITestResult)[pri:0, instance:com.automation.tests.AddToCartTest@7a69b07]" started-at="2026-07-28T16:25:01 IST" name="tearDown" finished-at="2026-07-28T16:25:02 IST" duration-ms="690" status="PASS">
          <params>
            <param index="0">
              <value>
                <![CDATA[[TestResult name=checkoutTest status=SUCCESS method=AddToCartTest.checkoutTest()[pri:0, instance:com.automation.tests.AddToCartTest@7a69b07] output={null}]]]>
              </value>
            </param>
          </params>
          <reporter-output>
          </reporter-output>
        </test-method> <!-- tearDown -->
      </class> <!-- com.automation.tests.AddToCartTest -->
      <class name="com.automation.tests.LoginTest">
        <test-method is-config="true" signature="setup()[pri:0, instance:com.automation.tests.LoginTest@5e82df6a]" started-at="2026-07-28T16:25:04 IST" name="setup" finished-at="2026-07-28T16:25:06 IST" duration-ms="1944" status="PASS">
          <reporter-output>
          </reporter-output>
        </test-method> <!-- setup -->
        <test-method signature="verifyLogin(java.lang.String,java.lang.String)[pri:0, instance:com.automation.tests.LoginTest@5e82df6a]" started-at="2026-07-28T16:25:06 IST" name="verifyLogin" data-provider="loginData" finished-at="2026-07-28T16:25:06 IST" duration-ms="292" status="PASS">
          <params>
            <param index="0">
              <value>
                <![CDATA[standard_user]]>
              </value>
            </param>
            <param index="1">
              <value>
                <![CDATA[secret_sauce]]>
              </value>
            </param>
          </params>
          <reporter-output>
          </reporter-output>
        </test-method> <!-- verifyLogin -->
        <test-method is-config="true" signature="tearDown(org.testng.ITestResult)[pri:0, instance:com.automation.tests.LoginTest@5e82df6a]" started-at="2026-07-28T16:25:06 IST" name="tearDown" finished-at="2026-07-28T16:25:06 IST" duration-ms="154" status="PASS">
          <params>
            <param index="0">
              <value>
                <![CDATA[[TestResult name=verifyLogin status=SUCCESS method=LoginTest.verifyLogin(java.lang.String,java.lang.String)[pri:0, instance:com.automation.tests.LoginTest@5e82df6a] output={null}]]]>
              </value>
            </param>
          </params>
          <reporter-output>
          </reporter-output>
        </test-method> <!-- tearDown -->
        <test-method is-config="true" signature="setup()[pri:0, instance:com.automation.tests.LoginTest@5e82df6a]" started-at="2026-07-28T16:25:06 IST" name="setup" finished-at="2026-07-28T16:25:08 IST" duration-ms="2111" status="PASS">
          <reporter-output>
          </reporter-output>
        </test-method> <!-- setup -->
        <test-method signature="verifyLogin(java.lang.String,java.lang.String)[pri:0, instance:com.automation.tests.LoginTest@5e82df6a]" started-at="2026-07-28T16:25:08 IST" name="verifyLogin" data-provider="loginData" finished-at="2026-07-28T16:25:09 IST" duration-ms="411" status="PASS">
          <params>
            <param index="0">
              <value>
                <![CDATA[problem_user]]>
              </value>
            </param>
            <param index="1">
              <value>
                <![CDATA[secret_sauce]]>
              </value>
            </param>
          </params>
          <reporter-output>
          </reporter-output>
        </test-method> <!-- verifyLogin -->
        <test-method is-config="true" signature="tearDown(org.testng.ITestResult)[pri:0, instance:com.automation.tests.LoginTest@5e82df6a]" started-at="2026-07-28T16:25:09 IST" name="tearDown" finished-at="2026-07-28T16:25:09 IST" duration-ms="250" status="PASS">
          <params>
            <param index="0">
              <value>
                <![CDATA[[TestResult name=verifyLogin status=SUCCESS method=LoginTest.verifyLogin(java.lang.String,java.lang.String)[pri:0, instance:com.automation.tests.LoginTest@5e82df6a] output={null}]]]>
              </value>
            </param>
          </params>
          <reporter-output>
          </reporter-output>
        </test-method> <!-- tearDown -->
        <test-method is-config="true" signature="setup()[pri:0, instance:com.automation.tests.LoginTest@5e82df6a]" started-at="2026-07-28T16:25:09 IST" name="setup" finished-at="2026-07-28T16:25:11 IST" duration-ms="2312" status="PASS">
          <reporter-output>
          </reporter-output>
        </test-method> <!-- setup -->
        <test-method signature="verifyLogin(java.lang.String,java.lang.String)[pri:0, instance:com.automation.tests.LoginTest@5e82df6a]" started-at="2026-07-28T16:25:11 IST" name="verifyLogin" data-provider="loginData" finished-at="2026-07-28T16:25:12 IST" duration-ms="393" status="PASS">
          <params>
            <param index="0">
              <value>
                <![CDATA[visual_user]]>
              </value>
            </param>
            <param index="1">
              <value>
                <![CDATA[secret_sauce]]>
              </value>
            </param>
          </params>
          <reporter-output>
          </reporter-output>
        </test-method> <!-- verifyLogin -->
        <test-method is-config="true" signature="tearDown(org.testng.ITestResult)[pri:0, instance:com.automation.tests.LoginTest@5e82df6a]" started-at="2026-07-28T16:25:12 IST" name="tearDown" finished-at="2026-07-28T16:25:12 IST" duration-ms="306" status="PASS">
          <params>
            <param index="0">
              <value>
                <![CDATA[[TestResult name=verifyLogin status=SUCCESS method=LoginTest.verifyLogin(java.lang.String,java.lang.String)[pri:0, instance:com.automation.tests.LoginTest@5e82df6a] output={null}]]]>
              </value>
            </param>
          </params>
          <reporter-output>
          </reporter-output>
        </test-method> <!-- tearDown -->
      </class> <!-- com.automation.tests.LoginTest -->
    </test> <!-- Surefire test -->
  </suite> <!-- Surefire suite -->
</testng-results>
