<?xml version="1.0" encoding="UTF-8"?>
<!-- Generated by org.testng.reporters.JUnitReportReporter -->
<testsuite hostname="GPant" failures="0" tests="3" name="com.automation.tests.LoginTest" time="8.173" errors="0" timestamp="2026-07-28T16:25:12 IST" skipped="0">
  <testcase classname="com.automation.tests.LoginTest" name="verifyLogin" time="2.676"/>
  <testcase classname="com.automation.tests.LoginTest" name="verifyLogin" time="2.910"/>
  <testcase classname="com.automation.tests.LoginTest" name="verifyLogin" time="2.587"/>
</testsuite> <!-- com.automation.tests.LoginTest -->
